app/build/intermediates/manifest_merge_blame_file/debug/manifest-merger-blame-debug-report.txt
1<?xml version="1.0" encoding="utf-8"?>
2<manifest xmlns:android="http://schemas.android.com/apk/res/android"
3    package="org.jssec.android.activity.privateactivity"
4    android:versionCode="1"
5    android:versionName="1.0" >
6
7    <uses-sdk
8        android:minSdkVersion="15"
8-->src/main/AndroidManifest.xml
9        android:targetSdkVersion="29" />
9-->src/main/AndroidManifest.xml
10
11    <uses-permission android:name="android.permission.READ_EXTERNAL_STORAGE" />
11-->src/main/AndroidManifest.xml:34:3-78
11-->src/main/AndroidManifest.xml:34:20-75
12    <uses-permission android:name="android.permission.WRITE_EXTERNAL_STORAGE" />
12-->src/main/AndroidManifest.xml:35:3-79
12-->src/main/AndroidManifest.xml:35:20-76
13
14    <application
14-->src/main/AndroidManifest.xml:7:3-33:17
15        android:allowBackup="false"
15-->src/main/AndroidManifest.xml:8:7-34
16        android:debuggable="true"
17        android:icon="@drawable/ic_launcher"
17-->src/main/AndroidManifest.xml:9:7-43
18        android:label="@string/app_name"
18-->src/main/AndroidManifest.xml:10:7-39
19        android:testOnly="true" >
20
21        <!-- Private activity -->
22        <!-- *** POINT 1 *** Do not specify taskAffinity -->
23        <!-- *** POINT 2 *** Do not specify launchMode -->
24        <!-- *** POINT 3 *** Explicitly set the exported attribute to false. -->
25        <activity
25-->src/main/AndroidManifest.xml:17:5-20:36
26            android:name="org.jssec.android.activity.privateactivity.PrivateActivity"
26-->src/main/AndroidManifest.xml:18:9-40
27            android:exported="false"
27-->src/main/AndroidManifest.xml:20:9-33
28            android:label="@string/app_name" />
28-->src/main/AndroidManifest.xml:19:9-41
29
30        <!-- Public activity launched by launcher -->
31        <activity
31-->src/main/AndroidManifest.xml:23:5-32:16
32            android:name="org.jssec.android.activity.privateactivity.PrivateUserActivity"
32-->src/main/AndroidManifest.xml:24:9-44
33            android:exported="true"
33-->src/main/AndroidManifest.xml:26:9-32
34            android:label="@string/app_name" >
34-->src/main/AndroidManifest.xml:25:9-41
35            <intent-filter>
35-->src/main/AndroidManifest.xml:27:7-31:23
36                <action android:name="android.intent.action.MAIN" />
36-->src/main/AndroidManifest.xml:28:9-61
36-->src/main/AndroidManifest.xml:28:17-58
37                <action android:name="android.intent.action.ALL_APPS" />
37-->src/main/AndroidManifest.xml:29:9-65
37-->src/main/AndroidManifest.xml:29:17-62
38
39                <category android:name="android.intent.category.LAUNCHER" />
39-->src/main/AndroidManifest.xml:30:9-69
39-->src/main/AndroidManifest.xml:30:19-66
40            </intent-filter>
41        </activity>
42    </application>
43
44</manifest>